<?xml version="1.0" encoding="UTF-8"?>
<testng-results skipped="0" failed="2" ignored="0" total="5" passed="3">
  <reporter-output>
  </reporter-output>
  <suite name="Suite" duration-ms="5452" started-at="2023-04-22T18:08:07Z" finished-at="2023-04-22T18:08:12Z">
    <groups>
    </groups>
    <test name="Create Customer API Test" duration-ms="3662" started-at="2023-04-22T18:08:07Z" finished-at="2023-04-22T18:08:10Z">
      <class name="com.w2a.APITestingFramework.testcases.CreateCustomerTest">
        <test-method status="PASS" signature="setUp()[pri:0, instance:com.w2a.APITestingFramework.testcases.CreateCustomerTest@4009e306]" name="setUp" is-config="true" duration-ms="1" started-at="2023-04-22T18:08:07Z" finished-at="2023-04-22T18:08:07Z">
          <reporter-output>
          </reporter-output>
        </test-method> <!-- setUp -->
        <test-method status="PASS" signature="validateCreateCustomerAPIWithValidSecretKey(java.util.Hashtable)[pri:0, instance:com.w2a.APITestingFramework.testcases.CreateCustomerTest@4009e306]" name="validateCreateCustomerAPIWithValidSecretKey" duration-ms="1922" started-at="2023-04-22T18:08:07Z" data-provider="data" finished-at="2023-04-22T18:08:08Z">
          <params>
            <param index="0">
              <value>
                <![CDATA[{email=arshgupta18@gmail.com, name=Arsh Gupta, description=Adding the second customer in the framework}]]>
              </value>
            </param>
          </params>
          <reporter-output>
          </reporter-output>
        </test-method> <!-- validateCreateCustomerAPIWithValidSecretKey -->
        <test-method status="PASS" signature="validateCreateCustomerAPIWithValidSecretKey(java.util.Hashtable)[pri:0, instance:com.w2a.APITestingFramework.testcases.CreateCustomerTest@4009e306]" name="validateCreateCustomerAPIWithValidSecretKey" duration-ms="869" started-at="2023-04-22T18:08:08Z" data-provider="data" finished-at="2023-04-22T18:08:09Z">
          <params>
            <param index="0">
              <value>
                <![CDATA[{email=jsaloni2708@gmail.com, name=Saloni Gupta, description=Adding the third customer in the framework}]]>
              </value>
            </param>
          </params>
          <reporter-output>
          </reporter-output>
        </test-method> <!-- validateCreateCustomerAPIWithValidSecretKey -->
        <test-method status="PASS" signature="tearDown()[pri:0, instance:com.w2a.APITestingFramework.testcases.CreateCustomerTest@4009e306]" name="tearDown" is-config="true" duration-ms="0" started-at="2023-04-22T18:08:08Z" finished-at="2023-04-22T18:08:08Z">
          <reporter-output>
          </reporter-output>
        </test-method> <!-- tearDown -->
        <test-method status="PASS" signature="setUp()[pri:0, instance:com.w2a.APITestingFramework.testcases.CreateCustomerTest@4009e306]" name="setUp" is-config="true" duration-ms="0" started-at="2023-04-22T18:08:08Z" finished-at="2023-04-22T18:08:08Z">
          <reporter-output>
          </reporter-output>
        </test-method> <!-- setUp -->
        <test-method status="PASS" signature="tearDown()[pri:0, instance:com.w2a.APITestingFramework.testcases.CreateCustomerTest@4009e306]" name="tearDown" is-config="true" duration-ms="0" started-at="2023-04-22T18:08:09Z" finished-at="2023-04-22T18:08:09Z">
          <reporter-output>
          </reporter-output>
        </test-method> <!-- tearDown -->
        <test-method status="PASS" signature="setUp()[pri:0, instance:com.w2a.APITestingFramework.testcases.CreateCustomerTest@4009e306]" name="setUp" is-config="true" duration-ms="0" started-at="2023-04-22T18:08:09Z" finished-at="2023-04-22T18:08:09Z">
          <reporter-output>
          </reporter-output>
        </test-method> <!-- setUp -->
        <test-method status="PASS" signature="validateCreateCustomerAPIWithValidSecretKey(java.util.Hashtable)[pri:0, instance:com.w2a.APITestingFramework.testcases.CreateCustomerTest@4009e306]" name="validateCreateCustomerAPIWithValidSecretKey" duration-ms="844" started-at="2023-04-22T18:08:09Z" data-provider="data" finished-at="2023-04-22T18:08:10Z">
          <params>
            <param index="0">
              <value>
                <![CDATA[{email=arushigupta935@gmail.com, name=Arushi Gupta, description=Adding the forth customer in the framework}]]>
              </value>
            </param>
          </params>
          <reporter-output>
          </reporter-output>
        </test-method> <!-- validateCreateCustomerAPIWithValidSecretKey -->
        <test-method status="PASS" signature="tearDown()[pri:0, instance:com.w2a.APITestingFramework.testcases.CreateCustomerTest@4009e306]" name="tearDown" is-config="true" duration-ms="0" started-at="2023-04-22T18:08:10Z" finished-at="2023-04-22T18:08:10Z">
          <reporter-output>
          </reporter-output>
        </test-method> <!-- tearDown -->
      </class> <!-- com.w2a.APITestingFramework.testcases.CreateCustomerTest -->
    </test> <!-- Create Customer API Test -->
    <test name="Delete Customer API Test" duration-ms="1473" started-at="2023-04-22T18:08:11Z" finished-at="2023-04-22T18:08:12Z">
      <class name="com.w2a.APITestingFramework.testcases.DeleteCustomerTest">
        <test-method status="PASS" signature="setUp()[pri:0, instance:com.w2a.APITestingFramework.testcases.DeleteCustomerTest@5b94b04d]" name="setUp" is-config="true" duration-ms="357" started-at="2023-04-22T18:08:06Z" finished-at="2023-04-22T18:08:07Z">
          <reporter-output>
          </reporter-output>
        </test-method> <!-- setUp -->
        <test-method status="PASS" signature="setUp()[pri:0, instance:com.w2a.APITestingFramework.testcases.DeleteCustomerTest@5b94b04d]" name="setUp" is-config="true" duration-ms="0" started-at="2023-04-22T18:08:11Z" finished-at="2023-04-22T18:08:11Z">
          <reporter-output>
          </reporter-output>
        </test-method> <!-- setUp -->
        <test-method status="FAIL" signature="deleteCustomer(java.util.Hashtable)[pri:0, instance:com.w2a.APITestingFramework.testcases.DeleteCustomerTest@5b94b04d]" name="deleteCustomer" duration-ms="713" started-at="2023-04-22T18:08:11Z" data-provider="data" finished-at="2023-04-22T18:08:11Z">
          <params>
            <param index="0">
              <value>
                <![CDATA[{id=cus_NisbjfAwiTA6Lb}]]>
              </value>
            </param>
          </params>
          <exception class="java.lang.AssertionError">
            <message>
              <![CDATA[ID Key is not present expected [true] but found [false]]]>
            </message>
            <full-stacktrace>
              <![CDATA[java.lang.AssertionError: ID Key is not present expected [true] but found [false]
at org.testng.Assert.fail(Assert.java:96)
at org.testng.Assert.failNotEquals(Assert.java:776)
at org.testng.Assert.assertTrue(Assert.java:44)
at com.w2a.APITestingFramework.testcases.DeleteCustomerTest.deleteCustomer(DeleteCustomerTest.java:49)
at sun.reflect.NativeMethodAccessorImpl.invoke0(Native Method)
at sun.reflect.NativeMethodAccessorImpl.invoke(NativeMethodAccessorImpl.java:62)
at sun.reflect.DelegatingMethodAccessorImpl.invoke(DelegatingMethodAccessorImpl.java:43)
at java.lang.reflect.Method.invoke(Method.java:498)
at org.testng.internal.MethodInvocationHelper.invokeMethod(MethodInvocationHelper.java:124)
at org.testng.internal.Invoker.invokeMethod(Invoker.java:583)
at org.testng.internal.Invoker.invokeTestMethod(Invoker.java:719)
at org.testng.internal.Invoker.invokeTestMethods(Invoker.java:989)
at org.testng.internal.TestMethodWorker.invokeTestMethods(TestMethodWorker.java:125)
at org.testng.internal.TestMethodWorker.run(TestMethodWorker.java:109)
at org.testng.TestRunner.privateRun(TestRunner.java:648)
at org.testng.TestRunner.run(TestRunner.java:505)
at org.testng.SuiteRunner.runTest(SuiteRunner.java:455)
at org.testng.SuiteRunner.runSequentially(SuiteRunner.java:450)
at org.testng.SuiteRunner.privateRun(SuiteRunner.java:415)
at org.testng.SuiteRunner.run(SuiteRunner.java:364)
at org.testng.SuiteRunnerWorker.runSuite(SuiteRunnerWorker.java:52)
at org.testng.SuiteRunnerWorker.run(SuiteRunnerWorker.java:84)
at org.testng.TestNG.runSuitesSequentially(TestNG.java:1208)
at org.testng.TestNG.runSuitesLocally(TestNG.java:1137)
at org.testng.TestNG.runSuites(TestNG.java:1049)
at org.testng.TestNG.run(TestNG.java:1017)
at org.apache.maven.surefire.testng.TestNGExecutor.run(TestNGExecutor.java:283)
at org.apache.maven.surefire.testng.TestNGXmlTestSuite.execute(TestNGXmlTestSuite.java:75)
at org.apache.maven.surefire.testng.TestNGProvider.invoke(TestNGProvider.java:120)
at org.apache.maven.surefire.booter.ForkedBooter.invokeProviderInSameClassLoader(ForkedBooter.java:383)
at org.apache.maven.surefire.booter.ForkedBooter.runSuitesInProcess(ForkedBooter.java:344)
at org.apache.maven.surefire.booter.ForkedBooter.execute(ForkedBooter.java:125)
at org.apache.maven.surefire.booter.ForkedBooter.main(ForkedBooter.java:417)
]]>
            </full-stacktrace>
          </exception> <!-- java.lang.AssertionError -->
          <reporter-output>
          </reporter-output>
        </test-method> <!-- deleteCustomer -->
        <test-method status="PASS" signature="setUp()[pri:0, instance:com.w2a.APITestingFramework.testcases.DeleteCustomerTest@5b94b04d]" name="setUp" is-config="true" duration-ms="1" started-at="2023-04-22T18:08:11Z" finished-at="2023-04-22T18:08:11Z">
          <reporter-output>
          </reporter-output>
        </test-method> <!-- setUp -->
        <test-method status="PASS" signature="tearDown()[pri:0, instance:com.w2a.APITestingFramework.testcases.DeleteCustomerTest@5b94b04d]" name="tearDown" is-config="true" duration-ms="0" started-at="2023-04-22T18:08:11Z" finished-at="2023-04-22T18:08:11Z">
          <reporter-output>
          </reporter-output>
        </test-method> <!-- tearDown -->
        <test-method status="FAIL" signature="deleteCustomer(java.util.Hashtable)[pri:0, instance:com.w2a.APITestingFramework.testcases.DeleteCustomerTest@5b94b04d]" name="deleteCustomer" duration-ms="747" started-at="2023-04-22T18:08:11Z" data-provider="data" finished-at="2023-04-22T18:08:12Z">
          <params>
            <param index="0">
              <value>
                <![CDATA[{id=cus_NisUn0o1lHrK6A}]]>
              </value>
            </param>
          </params>
          <exception class="java.lang.AssertionError">
            <message>
              <![CDATA[ID Key is not present expected [true] but found [false]]]>
            </message>
            <full-stacktrace>
              <![CDATA[java.lang.AssertionError: ID Key is not present expected [true] but found [false]
at org.testng.Assert.fail(Assert.java:96)
at org.testng.Assert.failNotEquals(Assert.java:776)
at org.testng.Assert.assertTrue(Assert.java:44)
at com.w2a.APITestingFramework.testcases.DeleteCustomerTest.deleteCustomer(DeleteCustomerTest.java:49)
at sun.reflect.NativeMethodAccessorImpl.invoke0(Native Method)
at sun.reflect.NativeMethodAccessorImpl.invoke(NativeMethodAccessorImpl.java:62)
at sun.reflect.DelegatingMethodAccessorImpl.invoke(DelegatingMethodAccessorImpl.java:43)
at java.lang.reflect.Method.invoke(Method.java:498)
at org.testng.internal.MethodInvocationHelper.invokeMethod(MethodInvocationHelper.java:124)
at org.testng.internal.Invoker.invokeMethod(Invoker.java:583)
at org.testng.internal.Invoker.invokeTestMethod(Invoker.java:719)
at org.testng.internal.Invoker.invokeTestMethods(Invoker.java:989)
at org.testng.internal.TestMethodWorker.invokeTestMethods(TestMethodWorker.java:125)
at org.testng.internal.TestMethodWorker.run(TestMethodWorker.java:109)
at org.testng.TestRunner.privateRun(TestRunner.java:648)
at org.testng.TestRunner.run(TestRunner.java:505)
at org.testng.SuiteRunner.runTest(SuiteRunner.java:455)
at org.testng.SuiteRunner.runSequentially(SuiteRunner.java:450)
at org.testng.SuiteRunner.privateRun(SuiteRunner.java:415)
at org.testng.SuiteRunner.run(SuiteRunner.java:364)
at org.testng.SuiteRunnerWorker.runSuite(SuiteRunnerWorker.java:52)
at org.testng.SuiteRunnerWorker.run(SuiteRunnerWorker.java:84)
at org.testng.TestNG.runSuitesSequentially(TestNG.java:1208)
at org.testng.TestNG.runSuitesLocally(TestNG.java:1137)
at org.testng.TestNG.runSuites(TestNG.java:1049)
at org.testng.TestNG.run(TestNG.java:1017)
at org.apache.maven.surefire.testng.TestNGExecutor.run(TestNGExecutor.java:283)
at org.apache.maven.surefire.testng.TestNGXmlTestSuite.execute(TestNGXmlTestSuite.java:75)
at org.apache.maven.surefire.testng.TestNGProvider.invoke(TestNGProvider.java:120)
at org.apache.maven.surefire.booter.ForkedBooter.invokeProviderInSameClassLoader(ForkedBooter.java:383)
at org.apache.maven.surefire.booter.ForkedBooter.runSuitesInProcess(ForkedBooter.java:344)
at org.apache.maven.surefire.booter.ForkedBooter.execute(ForkedBooter.java:125)
at org.apache.maven.surefire.booter.ForkedBooter.main(ForkedBooter.java:417)
]]>
            </full-stacktrace>
          </exception> <!-- java.lang.AssertionError -->
          <reporter-output>
          </reporter-output>
        </test-method> <!-- deleteCustomer -->
        <test-method status="PASS" signature="tearDown()[pri:0, instance:com.w2a.APITestingFramework.testcases.DeleteCustomerTest@5b94b04d]" name="tearDown" is-config="true" duration-ms="0" started-at="2023-04-22T18:08:12Z" finished-at="2023-04-22T18:08:12Z">
          <reporter-output>
          </reporter-output>
        </test-method> <!-- tearDown -->
        <test-method status="PASS" signature="tearDown()[pri:0, instance:com.w2a.APITestingFramework.testcases.DeleteCustomerTest@5b94b04d]" name="tearDown" is-config="true" duration-ms="0" started-at="2023-04-22T18:08:12Z" finished-at="2023-04-22T18:08:12Z">
          <reporter-output>
          </reporter-output>
        </test-method> <!-- tearDown -->
      </class> <!-- com.w2a.APITestingFramework.testcases.DeleteCustomerTest -->
    </test> <!-- Delete Customer API Test -->
  </suite> <!-- Suite -->
</testng-results>
